#
# There is insufficient memory for the Java Runtime Environment to continue.
# Native memory allocation (mmap) failed to map 197132288 bytes. Error detail: G1 virtual space
# Possible reasons:
#   The system is out of physical RAM or swap space
#   This process is running with CompressedOops enabled, and the Java Heap may be blocking the growth of the native heap
# Possible solutions:
#   Reduce memory load on the system
#   Increase physical memory or swap space
#   Check if swap backing store is full
#   Decrease Java heap size (-Xmx/-Xms)
#   Decrease number of Java threads
#   Decrease Java thread stack sizes (-Xss)
#   Set larger code cache with -XX:ReservedCodeCacheSize=
#   JVM is running with Zero Based Compressed Oops mode in which the Java heap is
#     placed in the first 32GB address space. The Java Heap base address is the
#     maximum limit for the native heap growth. Please use -XX:HeapBaseMinAddress
#     to set the Java Heap base and to place the Java Heap above 32GB virtual address.
# This output file may be truncated or incomplete.
#
#  Out of Memory Error (os_windows.cpp:3925), pid=3564, tid=19500
#
# JRE version:  (21.0.9) (build )
# Java VM: OpenJDK 64-Bit Server VM (21.0.9+-14787801-b1163.94, mixed mode, sharing, tiered, compressed oops, compressed class ptrs, g1 gc, windows-amd64)
# No core dump will be written. Minidumps are not enabled by default on client versions of Windows
#

---------------  S U M M A R Y ------------

Command Line: org.jetbrains.kotlin.cli.jvm.K2JVMCompiler @E:\project_after_1_ dec_2025\salesmens\node_modules\@react-native\gradle-plugin\shared\build\20260312_3111504946929458617.compiler.options

Host: Intel(R) Core(TM) i5-1035G1 CPU @ 1.00GHz, 8 cores, 11G,  Windows 11 , 64 bit Build 26100 (10.0.26100.7920)
Time: Thu Mar 12 15:48:43 2026 India Standard Time elapsed time: 0.166280 seconds (0d 0h 0m 0s)

---------------  T H R E A D  ---------------

Current thread (0x000001dfa89df5b0):  JavaThread "Unknown thread" [_thread_in_vm, id=19500, stack(0x00000057c5000000,0x00000057c5100000) (1024K)]

Stack: [0x00000057c5000000,0x00000057c5100000]
Native frames: (J=compiled Java code, j=interpreted, Vv=VM code, C=native code)
V  [jvm.dll+0x6d6c99]
V  [jvm.dll+0x866b83]
V  [jvm.dll+0x8691ae]
V  [jvm.dll+0x869893]
V  [jvm.dll+0x280776]
V  [jvm.dll+0x6d3555]
V  [jvm.dll+0x6c6bea]
V  [jvm.dll+0x3587fb]
V  [jvm.dll+0x360476]
V  [jvm.dll+0x3b2646]
V  [jvm.dll+0x3b2918]
V  [jvm.dll+0x32af0c]
V  [jvm.dll+0x32bbfb]
V  [jvm.dll+0x82e839]
V  [jvm.dll+0x3bf818]
V  [jvm.dll+0x8179d8]
V  [jvm.dll+0x453cbe]
V  [jvm.dll+0x455421]
C  [jli.dll+0x52ab]
C  [ucrtbase.dll+0x37b0]
C  [KERNEL32.DLL+0x2e8d7]
C  [ntdll.dll+0x8c48c]


---------------  P R O C E S S  ---------------

Threads class SMR info:
_java_thread_list=0x00007ffe7ecdb988, length=0, elements={
}

Java Threads: ( => current thread )
Total: 0

Other Threads:
  0x000001dfa8a2d650 WorkerThread "GC Thread#0"                     [id=14172, stack(0x00000057c5100000,0x00000057c5200000) (1024K)]
  0x000001dfa8a3a230 ConcurrentGCThread "G1 Main Marker"            [id=11884, stack(0x00000057c5200000,0x00000057c5300000) (1024K)]
  0x000001dfa8a3bb70 WorkerThread "G1 Conc#0"                       [id=10956, stack(0x00000057c5300000,0x00000057c5400000) (1024K)]

[error occurred during error reporting (printing all threads), id 0xc0000005, EXCEPTION_ACCESS_VIOLATION (0xc0000005) at pc=0x00007ffe7e4cdee7]
VM state: not at safepoint (not fully initialized)

VM Mutex/Monitor currently owned by a thread:  ([mutex/lock_event])
[0x00007ffe7ed48790] Heap_lock - owner thread: 0x000001dfa89df5b0

Heap address: 0x0000000744000000, size: 3008 MB, Compressed Oops mode: Zero based, Oop shift amount: 3

CDS archive(s) mapped at: [0x0000000000000000-0x0000000000000000-0x0000000000000000), size 0, SharedBaseAddress: 0x0000000800000000, ArchiveRelocationMode: 1.
Narrow klass base: 0x0000000000000000, Narrow klass shift: 0, Narrow klass range: 0x0

GC Precious Log:
 CardTable entry size: 512
 Card Set container configuration: InlinePtr #cards 4 size 8 Array Of Cards #cards 16 size 48 Howl #buckets 8 coarsen threshold 3686 Howl Bitmap #cards 512 size 80 coarsen threshold 460 Card regions per heap region 1 cards per card region 4096

Heap:
 garbage-first heap   total 0K, used 0K [0x0000000744000000, 0x0000000800000000)
  region size 2048K, 0 young (0K), 0 survivors (0K)
 Metaspace       used 0K, committed 0K, reserved 0K
  class space    used 0K, committed 0K, reserved 0K

Heap Regions: E=young(eden), S=young(survivor), O=old, HS=humongous(starts), HC=humongous(continues), CS=collection set, F=free, TAMS=top-at-mark-start, PB=parsable bottom

Card table byte_map: [0x000001dfbb460000,0x000001dfbba40000] _byte_map_base: 0x000001dfb7a40000

Marking Bits: (CMBitMap*) 0x000001dfa8a2dd50
 Bits: [0x000001dfbba40000, 0x000001dfbe940000)

GC Heap History (0 events):
No events

Dll operation events (1 events):
Event: 0.099 Loaded shared library C:\Program Files\Android\Android Studio\jbr\bin\java.dll

Deoptimization events (0 events):
No events

Classes loaded (0 events):
No events

Classes unloaded (0 events):
No events

Classes redefined (0 events):
No events

Internal exceptions (0 events):
No events

ZGC Phase Switch (0 events):
No events

VM Operations (0 events):
No events

Memory protections (0 events):
No events

Nmethod flushes (0 events):
No events

Events (0 events):
No events


Dynamic libraries:
0x00007ff76b030000 - 0x00007ff76b03a000 	C:\Program Files\Android\Android Studio\jbr\bin\java.exe
0x00007fff080e0000 - 0x00007fff08347000 	C:\WINDOWS\SYSTEM32\ntdll.dll
0x00007fff072a0000 - 0x00007fff07369000 	C:\WINDOWS\System32\KERNEL32.DLL
0x00007fff05a50000 - 0x00007fff05e41000 	C:\WINDOWS\System32\KERNELBASE.dll
0x00007fff049c0000 - 0x00007fff04b0b000 	C:\WINDOWS\System32\ucrtbase.dll
0x00007ffefd330000 - 0x00007ffefd34b000 	C:\Program Files\Android\Android Studio\jbr\bin\VCRUNTIME140.dll
0x00007ffefd2c0000 - 0x00007ffefd2d8000 	C:\Program Files\Android\Android Studio\jbr\bin\jli.dll
0x00007fff06700000 - 0x00007fff068c5000 	C:\WINDOWS\System32\USER32.dll
0x00007fff05e50000 - 0x00007fff05e77000 	C:\WINDOWS\System32\win32u.dll
0x00007fff05f60000 - 0x00007fff05f8b000 	C:\WINDOWS\System32\GDI32.dll
0x00007ffee9f30000 - 0x00007ffeea1c3000 	C:\WINDOWS\WinSxS\amd64_microsoft.windows.common-controls_6595b64144ccf1df_6.0.26100.7922_none_3e089e1ee3342171\COMCTL32.dll
0x00007fff05860000 - 0x00007fff0598a000 	C:\WINDOWS\System32\gdi32full.dll
0x00007fff068d0000 - 0x00007fff06979000 	C:\WINDOWS\System32\msvcrt.dll
0x00007fff04d40000 - 0x00007fff04de3000 	C:\WINDOWS\System32\msvcp_win.dll
0x00007fff07260000 - 0x00007fff07291000 	C:\WINDOWS\System32\IMM32.DLL
0x00007ffeffbc0000 - 0x00007ffeffbcc000 	C:\Program Files\Android\Android Studio\jbr\bin\vcruntime140_1.dll
0x00007ffeca6d0000 - 0x00007ffeca75d000 	C:\Program Files\Android\Android Studio\jbr\bin\msvcp140.dll
0x00007ffe7e190000 - 0x00007ffe7ee26000 	C:\Program Files\Android\Android Studio\jbr\bin\server\jvm.dll
0x00007fff070b0000 - 0x00007fff0716b000 	C:\WINDOWS\System32\ADVAPI32.dll
0x00007fff06980000 - 0x00007fff06a27000 	C:\WINDOWS\System32\sechost.dll
0x00007fff06f90000 - 0x00007fff070a8000 	C:\WINDOWS\System32\RPCRT4.dll
0x00007fff07170000 - 0x00007fff071e4000 	C:\WINDOWS\System32\WS2_32.dll
0x00007fff04840000 - 0x00007fff0489e000 	C:\WINDOWS\SYSTEM32\POWRPROF.dll
0x00007ffeefb30000 - 0x00007ffeefb65000 	C:\WINDOWS\SYSTEM32\WINMM.dll
0x00007ffefecd0000 - 0x00007ffefecdb000 	C:\WINDOWS\SYSTEM32\VERSION.dll
0x00007fff04820000 - 0x00007fff04834000 	C:\WINDOWS\SYSTEM32\UMPDC.dll
0x00007fff03710000 - 0x00007fff0372b000 	C:\WINDOWS\SYSTEM32\kernel.appcore.dll
0x00007ffefef30000 - 0x00007ffefef3a000 	C:\Program Files\Android\Android Studio\jbr\bin\jimage.dll
0x00007fff028d0000 - 0x00007fff02b12000 	C:\WINDOWS\SYSTEM32\DBGHELP.DLL
0x00007fff07cf0000 - 0x00007fff08072000 	C:\WINDOWS\System32\combase.dll
0x00007fff05e80000 - 0x00007fff05f57000 	C:\WINDOWS\System32\OLEAUT32.dll
0x00007ffef0970000 - 0x00007ffef09ab000 	C:\WINDOWS\SYSTEM32\dbgcore.DLL
0x00007fff04c90000 - 0x00007fff04d35000 	C:\WINDOWS\System32\bcryptPrimitives.dll
0x00007ffefd040000 - 0x00007ffefd060000 	C:\Program Files\Android\Android Studio\jbr\bin\java.dll

JVMTI agents: none

dbghelp: loaded successfully - version: 4.0.5 - missing functions: none
symbol engine: initialized successfully - sym options: 0x614 - pdb path: .;C:\Program Files\Android\Android Studio\jbr\bin;C:\WINDOWS\SYSTEM32;C:\WINDOWS\WinSxS\amd64_microsoft.windows.common-controls_6595b64144ccf1df_6.0.26100.7922_none_3e089e1ee3342171;C:\Program Files\Android\Android Studio\jbr\bin\server

VM Arguments:
java_command: org.jetbrains.kotlin.cli.jvm.K2JVMCompiler @E:\project_after_1_ dec_2025\salesmens\node_modules\@react-native\gradle-plugin\shared\build\20260312_3111504946929458617.compiler.options
java_class_path (initial): C:\Users\LENOVO\.gradle\caches\modules-2\files-2.1\org.jetbrains.kotlin\kotlin-compiler-embeddable\2.1.20\4ef56b3316798316bfac7a0ae443391c9e900ea1\kotlin-compiler-embeddable-2.1.20.jar;C:\Users\LENOVO\.gradle\caches\modules-2\files-2.1\org.jetbrains.kotlin\kotlin-stdlib\2.1.20\aa8ca79cd50578314f6d1180c47cbe14c0fee567\kotlin-stdlib-2.1.20.jar;C:\Users\LENOVO\.gradle\caches\modules-2\files-2.1\org.jetbrains.kotlin\kotlin-script-runtime\2.1.20\f7c623d7f7bdb01f5ccd6b437bc0a937fcd7c57e\kotlin-script-runtime-2.1.20.jar;C:\Users\LENOVO\.gradle\caches\modules-2\files-2.1\org.jetbrains.kotlin\kotlin-reflect\1.6.10\1cbe9c92c12a94eea200d23c2bbaedaf3daf5132\kotlin-reflect-1.6.10.jar;C:\Users\LENOVO\.gradle\caches\modules-2\files-2.1\org.jetbrains.kotlin\kotlin-daemon-embeddable\2.1.20\95670fce77befd02a70a0bc3abe8ee4533521334\kotlin-daemon-embeddable-2.1.20.jar;C:\Users\LENOVO\.gradle\caches\modules-2\files-2.1\org.jetbrains.intellij.deps\trove4j\1.0.20200330\3afb14d5f9ceb459d724e907a21145e8ff394f02\trove4j-1.0.20200330.jar;C:\Users\LENOVO\.gradle\caches\modules-2\files-2.1\org.jetbrains.kotlinx\kotlinx-coroutines-core-jvm\1.8.0\ac1dc37a30a93150b704022f8d895ee1bd3a36b3\kotlinx-coroutines-core-jvm-1.8.0.jar;C:\Users\LENOVO\.gradle\caches\modules-2\files-2.1\org.jetbrains\annotations\13.0\919f0dfe192fb4e063e7dacadee7f8bb9a2672a9\annotations-13.0.jar
Launcher Type: SUN_STANDARD

[Global flags]
     intx CICompilerCount                          = 4                                         {product} {ergonomic}
     uint ConcGCThreads                            = 2                                         {product} {ergonomic}
     uint G1ConcRefinementThreads                  = 8                                         {product} {ergonomic}
   size_t G1HeapRegionSize                         = 2097152                                   {product} {ergonomic}
    uintx GCDrainStackTargetSize                   = 64                                        {product} {ergonomic}
   size_t InitialHeapSize                          = 197132288                                 {product} {ergonomic}
   size_t MarkStackSize                            = 4194304                                   {product} {ergonomic}
   size_t MaxHeapSize                              = 3154116608                                {product} {ergonomic}
   size_t MinHeapDeltaBytes                        = 2097152                                   {product} {ergonomic}
   size_t MinHeapSize                              = 8388608                                   {product} {ergonomic}
    uintx NonNMethodCodeHeapSize                   = 5839372                                {pd product} {ergonomic}
    uintx NonProfiledCodeHeapSize                  = 122909434                              {pd product} {ergonomic}
    uintx ProfiledCodeHeapSize                     = 122909434                              {pd product} {ergonomic}
    uintx ReservedCodeCacheSize                    = 251658240                              {pd product} {ergonomic}
     bool SegmentedCodeCache                       = true                                      {product} {ergonomic}
   size_t SoftMaxHeapSize                          = 3154116608                             {manageable} {ergonomic}
     bool UseCompressedOops                        = true                           {product lp64_product} {ergonomic}
     bool UseG1GC                                  = true                                      {product} {ergonomic}
     bool UseLargePagesIndividualAllocation        = false                                  {pd product} {ergonomic}

Logging:
Log output configuration:
 #0: stdout all=warning uptime,level,tags foldmultilines=false
 #1: stderr all=off uptime,level,tags foldmultilines=false

Release file:
<release file has not been read>
Environment Variables:
JAVA_HOME=C:\Program Files\Android\Android Studio\jbr
PATH=E:\project_after_1_ dec_2025\salesmens\node_modules\.bin;E:\project_after_1_ dec_2025\node_modules\.bin;E:\node_modules\.bin;C:\Users\LENOVO\AppData\Roaming\npm\node_modules\npm\node_modules\@npmcli\run-script\lib\node-gyp-bin;C:\Python312\Scripts\;C:\Python312\;C:\WINDOWS\system32;C:\WINDOWS;C:\WINDOWS\System32\Wbem;C:\WINDOWS\System32\WindowsPowerShell\v1.0\;C:\WINDOWS\System32\OpenSSH\;C:\xampp\php;C:\ProgramData\chocolatey\bin;C:\Program Files\Docker\Docker\resources\bin;C:\Program Files\Git\bin;C:\Program Files\Git\cmd;C:\Program Files\nodejs\;C:\Users\LENOVO\AppData\Local\Microsoft\WindowsApps;C:\Users\LENOVO\AppData\Local\Programs\Microsoft VS Code\bin;C:\Users\LENOVO\AppData\Local\GitHubDesktop\bin;C:\Users\LENOVO\AppData\Roaming\Composer\vendor\bin;C:\Users\LENOVO\composer;C:\Users\LENOVO\AppData\Local\Microsoft\WinGet\Packages\Schniz.fnm_Microsoft.Winget.Source_8wekyb3d8bbwe;C:\Users\LENOVO\AppData\Local\Programs\mongosh\;C:\Users\LENOVO\AppData\Roaming\npm;C:\Users\LENOVO\AppData\Local\Programs\Antigravity\bin;C:\Users\LENOVO\AppData\Local\Android\Sdk\platform-tools;C:\Users\LENOVO\AppData\Local\Android\Sdk\emulator;
USERNAME=LENOVO
OS=Windows_NT
PROCESSOR_IDENTIFIER=Intel64 Family 6 Model 126 Stepping 5, GenuineIntel
TMP=C:\Users\LENOVO\AppData\Local\Temp
TEMP=C:\Users\LENOVO\AppData\Local\Temp




Periodic native trim disabled

JNI global refs:
JNI global refs: 0, weak refs: 0

JNI global refs memory usage: 0, weak refs: 0

Process memory usage:
Resident Set Size: 12868K (0% of 12319096K total physical memory with 803120K free physical memory)

OOME stack traces (most recent first):
Classloader memory used:

---------------  S Y S T E M  ---------------

OS:
 Windows 11 , 64 bit Build 26100 (10.0.26100.7920)
OS uptime: 0 days 21:49 hours
Hyper-V role detected

CPU: total 8 (initial active 8) (4 cores per cpu, 2 threads per core) family 6 model 126 stepping 5 microcode 0xba, cx8, cmov, fxsr, ht, mmx, 3dnowpref, sse, sse2, sse3, ssse3, sse4.1, sse4.2, popcnt, lzcnt, tsc, tscinvbit, avx, avx2, aes, erms, clmul, bmi1, bmi2, adx, avx512f, avx512dq, avx512cd, avx512bw, avx512vl, sha, fma, vzeroupper, avx512_vpopcntdq, avx512_vpclmulqdq, avx512_vaes, avx512_vnni, clflush, clflushopt, avx512_vbmi2, avx512_vbmi, hv, rdtscp, rdpid, fsrm, gfni, avx512_bitalg, f16c, avx512_ifma
Processor Information for the first 8 processors :
  Max Mhz: 1190, Current Mhz: 991, Mhz Limit: 987

Memory: 4k page, system-wide physical 12030M (784M free)
TotalPageFile size 19517M (AvailPageFile size 131M)
current process WorkingSet (physical memory assigned to process): 12M, peak: 12M
current process commit charge ("private bytes"): 60M, peak: 248M

vm_info: OpenJDK 64-Bit Server VM (21.0.9+-14787801-b1163.94) for windows-amd64 JRE (21.0.9+-14787801-b1163.94), built on 2026-01-27T21:15:44Z by "builder" with MS VC++ 16.10 / 16.11 (VS2019)

END.
